VideoWebRTC/app/build/intermediates/manifest_merge_blame_file/debug/manifest-merger-blame-debug-report.txt
1<?xml version="1.0" encoding="utf-8"?>
2<manifest xmlns:android="http://schemas.android.com/apk/res/android"
3    package="com.myhexaville.androidwebrtc"
4    android:versionCode="1"
5    android:versionName="1.0" >
6
7    <uses-sdk
8        android:minSdkVersion="16"
8-->src/main/AndroidManifest.xml
9        android:targetSdkVersion="27" />
9-->src/main/AndroidManifest.xml
10
11    <uses-feature android:name="android.hardware.camera" />
11-->src/main/AndroidManifest.xml:5:5-60
11-->src/main/AndroidManifest.xml:5:19-57
12    <uses-feature android:name="android.hardware.camera.autofocus" />
12-->src/main/AndroidManifest.xml:6:5-70
12-->src/main/AndroidManifest.xml:6:19-67
13    <uses-feature
13-->src/main/AndroidManifest.xml:7:5-9:35
14        android:glEsVersion="0x00020000"
14-->src/main/AndroidManifest.xml:8:9-41
15        android:required="true" />
15-->src/main/AndroidManifest.xml:9:9-32
16
17    <uses-permission android:name="android.permission.CAMERA" />
17-->src/main/AndroidManifest.xml:11:5-65
17-->src/main/AndroidManifest.xml:11:22-62
18    <uses-permission android:name="android.permission.CHANGE_NETWORK_STATE" />
18-->src/main/AndroidManifest.xml:12:5-79
18-->src/main/AndroidManifest.xml:12:22-76
19    <uses-permission android:name="android.permission.MODIFY_AUDIO_SETTINGS" />
19-->src/main/AndroidManifest.xml:13:5-80
19-->src/main/AndroidManifest.xml:13:22-77
20    <uses-permission android:name="android.permission.RECORD_AUDIO" />
20-->src/main/AndroidManifest.xml:14:5-71
20-->src/main/AndroidManifest.xml:14:22-68
21    <uses-permission android:name="android.permission.INTERNET" />
21-->src/main/AndroidManifest.xml:15:5-67
21-->src/main/AndroidManifest.xml:15:22-64
22    <uses-permission android:name="android.permission.WRITE_EXTERNAL_STORAGE" />
22-->src/main/AndroidManifest.xml:16:5-81
22-->src/main/AndroidManifest.xml:16:22-78
23    <uses-permission android:name="android.permission.ACCESS_NETWORK_STATE" />
23-->src/main/AndroidManifest.xml:17:5-79
23-->src/main/AndroidManifest.xml:17:22-76
24    <uses-permission android:name="android.permission.BLUETOOTH" />
24-->src/main/AndroidManifest.xml:18:5-68
24-->src/main/AndroidManifest.xml:18:22-65
25    <uses-permission android:name="android.permission.READ_EXTERNAL_STORAGE" />
25-->[com.myhexaville:smart-image-picker:1.0.4] AndroidManifest.xml:12:5-80
25-->[com.myhexaville:smart-image-picker:1.0.4] AndroidManifest.xml:12:22-77
26
27    <application
27-->src/main/AndroidManifest.xml:20:5-50:19
28        android:name="androidx.multidex.MultiDexApplication"
29        android:allowBackup="true"
29-->src/main/AndroidManifest.xml:21:9-35
30        android:appComponentFactory="androidx.core.app.CoreComponentFactory"
30-->[androidx.core:core:1.0.0] AndroidManifest.xml:22:18-86
31        android:debuggable="true"
32        android:icon="@mipmap/ic_launcher"
32-->src/main/AndroidManifest.xml:22:9-43
33        android:label="@string/app_name"
33-->src/main/AndroidManifest.xml:23:9-41
34        android:supportsRtl="true"
34-->src/main/AndroidManifest.xml:24:9-35
35        android:testOnly="true"
36        android:theme="@style/AppTheme" >
36-->src/main/AndroidManifest.xml:25:9-40
37        <activity
37-->src/main/AndroidManifest.xml:26:9-29:55
38            android:name="com.shivam.androidwebrtc.app_rtc_sample.main.AppRTCMainActivity"
38-->src/main/AndroidManifest.xml:27:13-91
39            android:label="@string/app_name"
39-->src/main/AndroidManifest.xml:28:13-45
40            android:windowSoftInputMode="adjustPan" />
40-->src/main/AndroidManifest.xml:29:13-52
41        <activity
41-->src/main/AndroidManifest.xml:30:9-35:52
42            android:name="com.shivam.androidwebrtc.app_rtc_sample.call.CallActivity"
42-->src/main/AndroidManifest.xml:31:13-85
43            android:configChanges="orientation|screenSize"
43-->src/main/AndroidManifest.xml:32:13-59
44            android:label="@string/app_name"
44-->src/main/AndroidManifest.xml:33:13-45
45            android:screenOrientation="fullUser"
45-->src/main/AndroidManifest.xml:34:13-49
46            android:theme="@style/AppTheme.Call" />
46-->src/main/AndroidManifest.xml:35:13-49
47        <activity
47-->src/main/AndroidManifest.xml:36:9-45:20
48            android:name="com.shivam.androidwebrtc.LauncherActivity"
48-->src/main/AndroidManifest.xml:37:13-69
49            android:label="@string/title_activity_launch"
49-->src/main/AndroidManifest.xml:38:13-58
50            android:theme="@style/AppTheme.NoActionBar" >
50-->src/main/AndroidManifest.xml:39:13-56
51            <intent-filter>
51-->src/main/AndroidManifest.xml:40:13-44:29
52                <action android:name="android.intent.action.MAIN" />
52-->src/main/AndroidManifest.xml:41:17-69
52-->src/main/AndroidManifest.xml:41:25-66
53
54                <category android:name="android.intent.category.LAUNCHER" />
54-->src/main/AndroidManifest.xml:43:17-77
54-->src/main/AndroidManifest.xml:43:27-74
55            </intent-filter>
56        </activity>
57        <activity
57-->src/main/AndroidManifest.xml:46:9-49:68
58            android:name="com.shivam.androidwebrtc.tutorial.CompleteActivity"
58-->src/main/AndroidManifest.xml:47:13-78
59            android:label="@string/title_activity_complete"
59-->src/main/AndroidManifest.xml:48:13-60
60            android:theme="@style/AppTheme.NoActionBar" />
60-->src/main/AndroidManifest.xml:49:13-56
61        <activity
61-->[com.myhexaville:smart-image-picker:1.0.4] AndroidManifest.xml:18:9-21:47
62            android:name="com.theartofdev.edmodo.cropper.CropImageActivity"
62-->[com.myhexaville:smart-image-picker:1.0.4] AndroidManifest.xml:19:13-76
63            android:screenOrientation="portrait"
63-->[com.myhexaville:smart-image-picker:1.0.4] AndroidManifest.xml:20:13-49
64            android:theme="@style/AppTheme" />
64-->[com.myhexaville:smart-image-picker:1.0.4] AndroidManifest.xml:21:13-44
65
66        <provider
66-->[com.myhexaville:smart-image-picker:1.0.4] AndroidManifest.xml:23:9-31:20
67            android:name="com.myhexaville.smartimagepicker.CustomFileProvider"
67-->[com.myhexaville:smart-image-picker:1.0.4] AndroidManifest.xml:24:13-79
68            android:authorities="com.myhexaville.androidwebrtc.smart-image-picket-provider"
68-->[com.myhexaville:smart-image-picker:1.0.4] AndroidManifest.xml:25:13-79
69            android:exported="false"
69-->[com.myhexaville:smart-image-picker:1.0.4] AndroidManifest.xml:26:13-37
70            android:grantUriPermissions="true" >
70-->[com.myhexaville:smart-image-picker:1.0.4] AndroidManifest.xml:27:13-47
71            <meta-data
71-->[com.myhexaville:smart-image-picker:1.0.4] AndroidManifest.xml:28:13-30:54
72                android:name="android.support.FILE_PROVIDER_PATHS"
72-->[com.myhexaville:smart-image-picker:1.0.4] AndroidManifest.xml:29:17-67
73                android:resource="@xml/file_paths" />
73-->[com.myhexaville:smart-image-picker:1.0.4] AndroidManifest.xml:30:17-51
74        </provider>
75
76        <activity
76-->[pub.devrel:easypermissions:1.1.3] AndroidManifest.xml:12:9-16:66
77            android:name="pub.devrel.easypermissions.AppSettingsDialogHolderActivity"
77-->[pub.devrel:easypermissions:1.1.3] AndroidManifest.xml:13:13-86
78            android:exported="false"
78-->[pub.devrel:easypermissions:1.1.3] AndroidManifest.xml:14:13-37
79            android:label=""
79-->[pub.devrel:easypermissions:1.1.3] AndroidManifest.xml:15:13-29
80            android:theme="@style/EasyPermissions.Transparent" />
80-->[pub.devrel:easypermissions:1.1.3] AndroidManifest.xml:16:13-63
81
82        <service
82-->[com.google.firebase:firebase-firestore:21.4.3] AndroidManifest.xml:17:9-23:19
83            android:name="com.google.firebase.components.ComponentDiscoveryService"
83-->[com.google.firebase:firebase-firestore:21.4.3] AndroidManifest.xml:18:13-84
84            android:directBootAware="true"
84-->[com.google.firebase:firebase-common:19.3.0] AndroidManifest.xml:34:13-43
85            android:exported="false" >
85-->[com.google.firebase:firebase-firestore:21.4.3] AndroidManifest.xml:19:13-37
86            <meta-data
86-->[com.google.firebase:firebase-firestore:21.4.3] AndroidManifest.xml:20:13-22:85
87                android:name="com.google.firebase.components:com.google.firebase.firestore.FirestoreRegistrar"
87-->[com.google.firebase:firebase-firestore:21.4.3] AndroidManifest.xml:21:17-111
88                android:value="com.google.firebase.components.ComponentRegistrar" />
88-->[com.google.firebase:firebase-firestore:21.4.3] AndroidManifest.xml:22:17-82
89        </service>
90
91        <activity
91-->[com.google.android.gms:play-services-base:17.0.0] AndroidManifest.xml:23:9-26:75
92            android:name="com.google.android.gms.common.api.GoogleApiActivity"
92-->[com.google.android.gms:play-services-base:17.0.0] AndroidManifest.xml:24:13-79
93            android:exported="false"
93-->[com.google.android.gms:play-services-base:17.0.0] AndroidManifest.xml:25:13-37
94            android:theme="@android:style/Theme.Translucent.NoTitleBar" />
94-->[com.google.android.gms:play-services-base:17.0.0] AndroidManifest.xml:26:13-72
95
96        <provider
96-->[com.google.firebase:firebase-common:19.3.0] AndroidManifest.xml:26:9-30:39
97            android:name="com.google.firebase.provider.FirebaseInitProvider"
97-->[com.google.firebase:firebase-common:19.3.0] AndroidManifest.xml:27:13-77
98            android:authorities="com.myhexaville.androidwebrtc.firebaseinitprovider"
98-->[com.google.firebase:firebase-common:19.3.0] AndroidManifest.xml:28:13-72
99            android:exported="false"
99-->[com.google.firebase:firebase-common:19.3.0] AndroidManifest.xml:29:13-37
100            android:initOrder="100" />
100-->[com.google.firebase:firebase-common:19.3.0] AndroidManifest.xml:30:13-36
101
102        <meta-data
102-->[com.google.android.gms:play-services-basement:17.0.0] AndroidManifest.xml:23:9-25:69
103            android:name="com.google.android.gms.version"
103-->[com.google.android.gms:play-services-basement:17.0.0] AndroidManifest.xml:24:13-58
104            android:value="@integer/google_play_services_version" />
104-->[com.google.android.gms:play-services-basement:17.0.0] AndroidManifest.xml:25:13-66
105    </application>
106
107</manifest>